[0.837s] DEBUG:colcon:Command line arguments: ['/usr/bin/colcon', 'build']
[0.837s] DEBUG:colcon:Parsed command line arguments: Namespace(log_base=None, log_level=None, verb_name='build', build_base='build', install_base='install', merge_install=False, symlink_install=False, test_result_base=None, continue_on_error=False, executor='parallel', parallel_workers=12, event_handlers=None, ignore_user_meta=False, metas=['./colcon.meta'], base_paths=['.'], packages_ignore=None, packages_ignore_regex=None, paths=None, packages_up_to=None, packages_up_to_regex=None, packages_above=None, packages_above_and_dependencies=None, packages_above_depth=None, packages_select_by_dep=None, packages_skip_by_dep=None, packages_skip_up_to=None, packages_select_build_failed=False, packages_skip_build_finished=False, packages_select_test_failures=False, packages_skip_test_passed=False, packages_select=None, packages_skip=None, packages_select_regex=None, packages_skip_regex=None, packages_start=None, packages_end=None, cmake_args=None, cmake_target=None, cmake_target_skip_unavailable=False, cmake_clean_cache=False, cmake_clean_first=False, cmake_force_configure=False, ament_cmake_args=None, catkin_cmake_args=None, catkin_skip_building_tests=False, mixin_files=None, mixin=None, verb_parser=<colcon_mixin.mixin.mixin_argument.MixinArgumentDecorator object at 0x793e6bf060e0>, verb_extension=<colcon_core.verb.build.BuildVerb object at 0x793e6bf05b40>, main=<bound method BuildVerb.main of <colcon_core.verb.build.BuildVerb object at 0x793e6bf05b40>>, mixin_verb=('build',))
[1.493s] Level 1:colcon.colcon_core.package_discovery:discover_packages(colcon_meta) check parameters
[1.494s] INFO:colcon.colcon_metadata.package_discovery.colcon_meta:Using configuration from '/root/.colcon/metadata/default/Gazebo.meta'
[1.494s] INFO:colcon.colcon_metadata.package_discovery.colcon_meta:Using configuration from '/root/.colcon/metadata/default/fastdds.meta'
[1.495s] INFO:colcon.colcon_metadata.package_discovery.colcon_meta:Using configuration from '/root/.colcon/metadata/default/fastrtps.meta'
[1.495s] Level 1:colcon.colcon_core.package_discovery:discover_packages(recursive) check parameters
[1.495s] Level 1:colcon.colcon_core.package_discovery:discover_packages(ignore) check parameters
[1.495s] Level 1:colcon.colcon_core.package_discovery:discover_packages(path) check parameters
[1.495s] Level 1:colcon.colcon_core.package_discovery:discover_packages(colcon_meta) discover
[1.495s] Level 1:colcon.colcon_core.package_discovery:discover_packages(recursive) discover
[1.495s] INFO:colcon.colcon_core.package_discovery:Crawling recursively for packages in '/app/src'
[1.495s] Level 1:colcon.colcon_core.package_identification:_identify(.) by extensions ['ignore', 'ignore_ament_install']
[1.495s] Level 1:colcon.colcon_core.package_identification:_identify(.) by extension 'ignore'
[1.495s] Level 1:colcon.colcon_core.package_identification:_identify(.) by extension 'ignore_ament_install'
[1.496s] Level 1:colcon.colcon_core.package_identification:_identify(.) by extensions ['colcon_pkg']
[1.496s] Level 1:colcon.colcon_core.package_identification:_identify(.) by extension 'colcon_pkg'
[1.496s] Level 1:colcon.colcon_core.package_identification:_identify(.) by extensions ['colcon_meta']
[1.496s] Level 1:colcon.colcon_core.package_identification:_identify(.) by extension 'colcon_meta'
[1.496s] Level 1:colcon.colcon_core.package_identification:_identify(.) by extensions ['ros']
[1.496s] Level 1:colcon.colcon_core.package_identification:_identify(.) by extension 'ros'
[1.517s] Level 1:colcon.colcon_core.package_identification:_identify(.) by extensions ['cmake', 'python']
[1.517s] Level 1:colcon.colcon_core.package_identification:_identify(.) by extension 'cmake'
[1.517s] Level 1:colcon.colcon_core.package_identification:_identify(.) by extension 'python'
[1.517s] Level 1:colcon.colcon_core.package_identification:_identify(.) by extensions ['python_setup_py']
[1.517s] Level 1:colcon.colcon_core.package_identification:_identify(.) by extension 'python_setup_py'
[1.518s] Level 1:colcon.colcon_core.package_identification:_identify(build) by extensions ['ignore', 'ignore_ament_install']
[1.518s] Level 1:colcon.colcon_core.package_identification:_identify(build) by extension 'ignore'
[1.518s] Level 1:colcon.colcon_core.package_identification:_identify(build) ignored
[1.518s] Level 1:colcon.colcon_core.package_identification:_identify(guvenlik_sistemi) by extensions ['ignore', 'ignore_ament_install']
[1.518s] Level 1:colcon.colcon_core.package_identification:_identify(guvenlik_sistemi) by extension 'ignore'
[1.519s] Level 1:colcon.colcon_core.package_identification:_identify(guvenlik_sistemi) by extension 'ignore_ament_install'
[1.519s] Level 1:colcon.colcon_core.package_identification:_identify(guvenlik_sistemi) by extensions ['colcon_pkg']
[1.519s] Level 1:colcon.colcon_core.package_identification:_identify(guvenlik_sistemi) by extension 'colcon_pkg'
[1.519s] Level 1:colcon.colcon_core.package_identification:_identify(guvenlik_sistemi) by extensions ['colcon_meta']
[1.519s] Level 1:colcon.colcon_core.package_identification:_identify(guvenlik_sistemi) by extension 'colcon_meta'
[1.519s] Level 1:colcon.colcon_core.package_identification:_identify(guvenlik_sistemi) by extensions ['ros']
[1.519s] Level 1:colcon.colcon_core.package_identification:_identify(guvenlik_sistemi) by extension 'ros'
[1.523s] DEBUG:colcon.colcon_core.package_identification:Package 'guvenlik_sistemi' with type 'ros.ament_python' and name 'guvenlik_sistemi'
[1.523s] Level 1:colcon.colcon_core.package_identification:_identify(install) by extensions ['ignore', 'ignore_ament_install']
[1.523s] Level 1:colcon.colcon_core.package_identification:_identify(install) by extension 'ignore'
[1.523s] Level 1:colcon.colcon_core.package_identification:_identify(install) ignored
[1.523s] Level 1:colcon.colcon_core.package_identification:_identify(log) by extensions ['ignore', 'ignore_ament_install']
[1.523s] Level 1:colcon.colcon_core.package_identification:_identify(log) by extension 'ignore'
[1.524s] Level 1:colcon.colcon_core.package_identification:_identify(log) ignored
[1.524s] Level 1:colcon.colcon_core.package_identification:_identify(robot_gozu) by extensions ['ignore', 'ignore_ament_install']
[1.524s] Level 1:colcon.colcon_core.package_identification:_identify(robot_gozu) by extension 'ignore'
[1.524s] Level 1:colcon.colcon_core.package_identification:_identify(robot_gozu) by extension 'ignore_ament_install'
[1.524s] Level 1:colcon.colcon_core.package_identification:_identify(robot_gozu) by extensions ['colcon_pkg']
[1.524s] Level 1:colcon.colcon_core.package_identification:_identify(robot_gozu) by extension 'colcon_pkg'
[1.524s] Level 1:colcon.colcon_core.package_identification:_identify(robot_gozu) by extensions ['colcon_meta']
[1.524s] Level 1:colcon.colcon_core.package_identification:_identify(robot_gozu) by extension 'colcon_meta'
[1.524s] Level 1:colcon.colcon_core.package_identification:_identify(robot_gozu) by extensions ['ros']
[1.524s] Level 1:colcon.colcon_core.package_identification:_identify(robot_gozu) by extension 'ros'
[1.525s] DEBUG:colcon.colcon_core.package_identification:Package 'robot_gozu' with type 'ros.ament_python' and name 'robot_gozu'
[1.525s] Level 1:colcon.colcon_core.package_discovery:discover_packages(recursive) using defaults
[1.525s] Level 1:colcon.colcon_core.package_discovery:discover_packages(ignore) discover
[1.525s] Level 1:colcon.colcon_core.package_discovery:discover_packages(ignore) using defaults
[1.525s] Level 1:colcon.colcon_core.package_discovery:discover_packages(path) discover
[1.525s] Level 1:colcon.colcon_core.package_discovery:discover_packages(path) using defaults
[1.550s] Level 5:colcon.colcon_core.verb:set package 'guvenlik_sistemi' build argument 'cmake_args' from command line to 'None'
[1.550s] Level 5:colcon.colcon_core.verb:set package 'guvenlik_sistemi' build argument 'cmake_target' from command line to 'None'
[1.550s] Level 5:colcon.colcon_core.verb:set package 'guvenlik_sistemi' build argument 'cmake_target_skip_unavailable' from command line to 'False'
[1.550s] Level 5:colcon.colcon_core.verb:set package 'guvenlik_sistemi' build argument 'cmake_clean_cache' from command line to 'False'
[1.550s] Level 5:colcon.colcon_core.verb:set package 'guvenlik_sistemi' build argument 'cmake_clean_first' from command line to 'False'
[1.550s] Level 5:colcon.colcon_core.verb:set package 'guvenlik_sistemi' build argument 'cmake_force_configure' from command line to 'False'
[1.550s] Level 5:colcon.colcon_core.verb:set package 'guvenlik_sistemi' build argument 'ament_cmake_args' from command line to 'None'
[1.550s] Level 5:colcon.colcon_core.verb:set package 'guvenlik_sistemi' build argument 'catkin_cmake_args' from command line to 'None'
[1.550s] Level 5:colcon.colcon_core.verb:set package 'guvenlik_sistemi' build argument 'catkin_skip_building_tests' from command line to 'False'
[1.550s] DEBUG:colcon.colcon_core.verb:Building package 'guvenlik_sistemi' with the following arguments: {'ament_cmake_args': None, 'build_base': '/app/src/build/guvenlik_sistemi', 'catkin_cmake_args': None, 'catkin_skip_building_tests': False, 'cmake_args': None, 'cmake_clean_cache': False, 'cmake_clean_first': False, 'cmake_force_configure': False, 'cmake_target': None, 'cmake_target_skip_unavailable': False, 'install_base': '/app/src/install/guvenlik_sistemi', 'merge_install': False, 'path': '/app/src/guvenlik_sistemi', 'symlink_install': False, 'test_result_base': None}
[1.550s] Level 5:colcon.colcon_core.verb:set package 'robot_gozu' build argument 'cmake_args' from command line to 'None'
[1.550s] Level 5:colcon.colcon_core.verb:set package 'robot_gozu' build argument 'cmake_target' from command line to 'None'
[1.550s] Level 5:colcon.colcon_core.verb:set package 'robot_gozu' build argument 'cmake_target_skip_unavailable' from command line to 'False'
[1.550s] Level 5:colcon.colcon_core.verb:set package 'robot_gozu' build argument 'cmake_clean_cache' from command line to 'False'
[1.550s] Level 5:colcon.colcon_core.verb:set package 'robot_gozu' build argument 'cmake_clean_first' from command line to 'False'
[1.550s] Level 5:colcon.colcon_core.verb:set package 'robot_gozu' build argument 'cmake_force_configure' from command line to 'False'
[1.550s] Level 5:colcon.colcon_core.verb:set package 'robot_gozu' build argument 'ament_cmake_args' from command line to 'None'
[1.550s] Level 5:colcon.colcon_core.verb:set package 'robot_gozu' build argument 'catkin_cmake_args' from command line to 'None'
[1.550s] Level 5:colcon.colcon_core.verb:set package 'robot_gozu' build argument 'catkin_skip_building_tests' from command line to 'False'
[1.550s] DEBUG:colcon.colcon_core.verb:Building package 'robot_gozu' with the following arguments: {'ament_cmake_args': None, 'build_base': '/app/src/build/robot_gozu', 'catkin_cmake_args': None, 'catkin_skip_building_tests': False, 'cmake_args': None, 'cmake_clean_cache': False, 'cmake_clean_first': False, 'cmake_force_configure': False, 'cmake_target': None, 'cmake_target_skip_unavailable': False, 'install_base': '/app/src/install/robot_gozu', 'merge_install': False, 'path': '/app/src/robot_gozu', 'symlink_install': False, 'test_result_base': None}
[1.551s] INFO:colcon.colcon_core.executor:Executing jobs using 'parallel' executor
[1.552s] DEBUG:colcon.colcon_parallel_executor.executor.parallel:run_until_complete
[1.552s] INFO:colcon.colcon_ros.task.ament_python.build:Building ROS package in '/app/src/guvenlik_sistemi' with build type 'ament_python'
[1.553s] Level 1:colcon.colcon_core.shell:create_environment_hook('guvenlik_sistemi', 'ament_prefix_path')
[1.556s] INFO:colcon.colcon_core.plugin_system:Skipping extension 'colcon_core.shell.bat': Not used on non-Windows systems
[1.557s] INFO:colcon.colcon_core.shell:Creating environment hook '/app/src/install/guvenlik_sistemi/share/guvenlik_sistemi/hook/ament_prefix_path.ps1'
[1.558s] INFO:colcon.colcon_core.shell:Creating environment descriptor '/app/src/install/guvenlik_sistemi/share/guvenlik_sistemi/hook/ament_prefix_path.dsv'
[1.558s] INFO:colcon.colcon_core.shell:Creating environment hook '/app/src/install/guvenlik_sistemi/share/guvenlik_sistemi/hook/ament_prefix_path.sh'
[1.560s] INFO:colcon.colcon_core.shell:Skip shell extension 'powershell' for command environment: Not usable outside of PowerShell
[1.560s] DEBUG:colcon.colcon_core.shell:Skip shell extension 'dsv' for command environment
[1.565s] INFO:colcon.colcon_ros.task.ament_python.build:Building ROS package in '/app/src/robot_gozu' with build type 'ament_python'
[1.565s] Level 1:colcon.colcon_core.shell:create_environment_hook('robot_gozu', 'ament_prefix_path')
[1.566s] INFO:colcon.colcon_core.shell:Creating environment hook '/app/src/install/robot_gozu/share/robot_gozu/hook/ament_prefix_path.ps1'
[1.567s] INFO:colcon.colcon_core.shell:Creating environment descriptor '/app/src/install/robot_gozu/share/robot_gozu/hook/ament_prefix_path.dsv'
[1.567s] INFO:colcon.colcon_core.shell:Creating environment hook '/app/src/install/robot_gozu/share/robot_gozu/hook/ament_prefix_path.sh'
[1.568s] INFO:colcon.colcon_core.shell:Skip shell extension 'powershell' for command environment: Not usable outside of PowerShell
[1.568s] DEBUG:colcon.colcon_core.shell:Skip shell extension 'dsv' for command environment
[1.763s] INFO:colcon.colcon_core.task.python.build:Building Python package in '/app/src/guvenlik_sistemi'
[1.764s] INFO:colcon.colcon_core.shell:Skip shell extension 'powershell' for command environment: Not usable outside of PowerShell
[1.764s] DEBUG:colcon.colcon_core.shell:Skip shell extension 'dsv' for command environment
[1.928s] INFO:colcon.colcon_core.task.python.build:Building Python package in '/app/src/robot_gozu'
[1.929s] INFO:colcon.colcon_core.shell:Skip shell extension 'powershell' for command environment: Not usable outside of PowerShell
[1.929s] DEBUG:colcon.colcon_core.shell:Skip shell extension 'dsv' for command environment
[2.241s] DEBUG:colcon.colcon_core.event_handler.log_command:Invoking command in '/app/src/guvenlik_sistemi': PYTHONPATH=/app/src/build/guvenlik_sistemi/prefix_override:/usr/lib/python3/dist-packages/colcon_core/task/python/colcon_distutils_commands:/app/src/install/guvenlik_sistemi/lib/python3.10/site-packages:${PYTHONPATH} /usr/bin/python3 -W ignore:setup.py install is deprecated -W ignore:easy_install command is deprecated setup.py egg_info --egg-base ../build/guvenlik_sistemi build --build-base /app/src/build/guvenlik_sistemi/build install --record /app/src/build/guvenlik_sistemi/install.log --single-version-externally-managed install_data
[2.247s] DEBUG:colcon.colcon_core.event_handler.log_command:Invoking command in '/app/src/robot_gozu': PYTHONPATH=/app/src/build/robot_gozu/prefix_override:/usr/lib/python3/dist-packages/colcon_core/task/python/colcon_distutils_commands:/app/src/install/robot_gozu/lib/python3.10/site-packages:${PYTHONPATH} /usr/bin/python3 -W ignore:setup.py install is deprecated -W ignore:easy_install command is deprecated setup.py egg_info --egg-base ../build/robot_gozu build --build-base /app/src/build/robot_gozu/build install --record /app/src/build/robot_gozu/install.log --single-version-externally-managed install_data
[2.502s] DEBUG:colcon.colcon_core.event_handler.log_command:Invoked command in '/app/src/guvenlik_sistemi' returned '0': PYTHONPATH=/app/src/build/guvenlik_sistemi/prefix_override:/usr/lib/python3/dist-packages/colcon_core/task/python/colcon_distutils_commands:/app/src/install/guvenlik_sistemi/lib/python3.10/site-packages:${PYTHONPATH} /usr/bin/python3 -W ignore:setup.py install is deprecated -W ignore:easy_install command is deprecated setup.py egg_info --egg-base ../build/guvenlik_sistemi build --build-base /app/src/build/guvenlik_sistemi/build install --record /app/src/build/guvenlik_sistemi/install.log --single-version-externally-managed install_data
[2.506s] Level 1:colcon.colcon_core.environment:checking '/app/src/install/guvenlik_sistemi' for CMake module files
[2.507s] Level 1:colcon.colcon_core.environment:checking '/app/src/install/guvenlik_sistemi' for CMake config files
[2.509s] Level 1:colcon.colcon_core.environment:checking '/app/src/install/guvenlik_sistemi/lib'
[2.509s] Level 1:colcon.colcon_core.environment:checking '/app/src/install/guvenlik_sistemi/bin'
[2.509s] Level 1:colcon.colcon_core.environment:checking '/app/src/install/guvenlik_sistemi/lib/pkgconfig/guvenlik_sistemi.pc'
[2.509s] Level 1:colcon.colcon_core.environment:checking '/app/src/install/guvenlik_sistemi/lib/python3.10/site-packages'
[2.510s] Level 1:colcon.colcon_core.shell:create_environment_hook('guvenlik_sistemi', 'pythonpath')
[2.510s] INFO:colcon.colcon_core.shell:Creating environment hook '/app/src/install/guvenlik_sistemi/share/guvenlik_sistemi/hook/pythonpath.ps1'
[2.511s] INFO:colcon.colcon_core.shell:Creating environment descriptor '/app/src/install/guvenlik_sistemi/share/guvenlik_sistemi/hook/pythonpath.dsv'
[2.512s] INFO:colcon.colcon_core.shell:Creating environment hook '/app/src/install/guvenlik_sistemi/share/guvenlik_sistemi/hook/pythonpath.sh'
[2.514s] Level 1:colcon.colcon_core.environment:checking '/app/src/install/guvenlik_sistemi/bin'
[2.514s] Level 1:colcon.colcon_core.environment:create_environment_scripts_only(guvenlik_sistemi)
[2.514s] INFO:colcon.colcon_core.shell:Creating package script '/app/src/install/guvenlik_sistemi/share/guvenlik_sistemi/package.ps1'
[2.516s] INFO:colcon.colcon_core.shell:Creating package descriptor '/app/src/install/guvenlik_sistemi/share/guvenlik_sistemi/package.dsv'
[2.517s] INFO:colcon.colcon_core.shell:Creating package script '/app/src/install/guvenlik_sistemi/share/guvenlik_sistemi/package.sh'
[2.519s] INFO:colcon.colcon_core.shell:Creating package script '/app/src/install/guvenlik_sistemi/share/guvenlik_sistemi/package.bash'
[2.521s] INFO:colcon.colcon_core.shell:Creating package script '/app/src/install/guvenlik_sistemi/share/guvenlik_sistemi/package.zsh'
[2.522s] Level 1:colcon.colcon_core.environment:create_file_with_runtime_dependencies(/app/src/install/guvenlik_sistemi/share/colcon-core/packages/guvenlik_sistemi)
[2.523s] Level 1:colcon.colcon_core.environment:checking '/app/src/install/robot_gozu' for CMake module files
[2.524s] DEBUG:colcon.colcon_core.event_handler.log_command:Invoked command in '/app/src/robot_gozu' returned '0': PYTHONPATH=/app/src/build/robot_gozu/prefix_override:/usr/lib/python3/dist-packages/colcon_core/task/python/colcon_distutils_commands:/app/src/install/robot_gozu/lib/python3.10/site-packages:${PYTHONPATH} /usr/bin/python3 -W ignore:setup.py install is deprecated -W ignore:easy_install command is deprecated setup.py egg_info --egg-base ../build/robot_gozu build --build-base /app/src/build/robot_gozu/build install --record /app/src/build/robot_gozu/install.log --single-version-externally-managed install_data
[2.524s] Level 1:colcon.colcon_core.environment:checking '/app/src/install/robot_gozu' for CMake config files
[2.526s] Level 1:colcon.colcon_core.environment:checking '/app/src/install/robot_gozu/lib'
[2.526s] Level 1:colcon.colcon_core.environment:checking '/app/src/install/robot_gozu/bin'
[2.526s] Level 1:colcon.colcon_core.environment:checking '/app/src/install/robot_gozu/lib/pkgconfig/robot_gozu.pc'
[2.526s] Level 1:colcon.colcon_core.environment:checking '/app/src/install/robot_gozu/lib/python3.10/site-packages'
[2.527s] Level 1:colcon.colcon_core.shell:create_environment_hook('robot_gozu', 'pythonpath')
[2.527s] INFO:colcon.colcon_core.shell:Creating environment hook '/app/src/install/robot_gozu/share/robot_gozu/hook/pythonpath.ps1'
[2.527s] INFO:colcon.colcon_core.shell:Creating environment descriptor '/app/src/install/robot_gozu/share/robot_gozu/hook/pythonpath.dsv'
[2.528s] INFO:colcon.colcon_core.shell:Creating environment hook '/app/src/install/robot_gozu/share/robot_gozu/hook/pythonpath.sh'
[2.529s] Level 1:colcon.colcon_core.environment:checking '/app/src/install/robot_gozu/bin'
[2.529s] Level 1:colcon.colcon_core.environment:create_environment_scripts_only(robot_gozu)
[2.529s] INFO:colcon.colcon_core.shell:Creating package script '/app/src/install/robot_gozu/share/robot_gozu/package.ps1'
[2.530s] INFO:colcon.colcon_core.shell:Creating package descriptor '/app/src/install/robot_gozu/share/robot_gozu/package.dsv'
[2.530s] INFO:colcon.colcon_core.shell:Creating package script '/app/src/install/robot_gozu/share/robot_gozu/package.sh'
[2.530s] INFO:colcon.colcon_core.shell:Creating package script '/app/src/install/robot_gozu/share/robot_gozu/package.bash'
[2.531s] INFO:colcon.colcon_core.shell:Creating package script '/app/src/install/robot_gozu/share/robot_gozu/package.zsh'
[2.531s] Level 1:colcon.colcon_core.environment:create_file_with_runtime_dependencies(/app/src/install/robot_gozu/share/colcon-core/packages/robot_gozu)
[2.531s] DEBUG:colcon.colcon_parallel_executor.executor.parallel:closing loop
[2.532s] DEBUG:colcon.colcon_parallel_executor.executor.parallel:loop closed
[2.532s] DEBUG:colcon.colcon_parallel_executor.executor.parallel:run_until_complete finished with '0'
[2.532s] DEBUG:colcon.colcon_core.event_reactor:joining thread
[2.547s] INFO:colcon.colcon_core.plugin_system:Skipping extension 'colcon_notification.desktop_notification.notify_send': Could not find 'notify-send'
[2.547s] INFO:colcon.colcon_core.plugin_system:Skipping extension 'colcon_notification.desktop_notification.terminal_notifier': Not used on non-Darwin systems
[2.547s] INFO:colcon.colcon_core.plugin_system:Skipping extension 'colcon_notification.desktop_notification.win32': Not used on non-Windows systems
[2.548s] INFO:colcon.colcon_notification.desktop_notification:Sending desktop notification using 'notify2'
[2.548s] DEBUG:colcon.colcon_notification.desktop_notification.notify2:Failed to initialize notify2: org.freedesktop.DBus.Error.NotSupported: Unable to autolaunch a dbus-daemon without a $DISPLAY for X11
[2.548s] DEBUG:colcon.colcon_core.event_reactor:joined thread
[2.549s] INFO:colcon.colcon_core.shell:Creating prefix script '/app/src/install/local_setup.ps1'
[2.552s] INFO:colcon.colcon_core.shell:Creating prefix util module '/app/src/install/_local_setup_util_ps1.py'
[2.554s] INFO:colcon.colcon_core.shell:Creating prefix chain script '/app/src/install/setup.ps1'
[2.556s] INFO:colcon.colcon_core.shell:Creating prefix script '/app/src/install/local_setup.sh'
[2.557s] INFO:colcon.colcon_core.shell:Creating prefix util module '/app/src/install/_local_setup_util_sh.py'
[2.558s] INFO:colcon.colcon_core.shell:Creating prefix chain script '/app/src/install/setup.sh'
[2.559s] INFO:colcon.colcon_core.shell:Creating prefix script '/app/src/install/local_setup.bash'
[2.560s] INFO:colcon.colcon_core.shell:Creating prefix chain script '/app/src/install/setup.bash'
[2.561s] INFO:colcon.colcon_core.shell:Creating prefix script '/app/src/install/local_setup.zsh'
[2.562s] INFO:colcon.colcon_core.shell:Creating prefix chain script '/app/src/install/setup.zsh'
