[0.426s] Invoking command in '/app/src/robot_gozu': PYTHONPATH=/app/src/build/robot_gozu/prefix_override:/usr/lib/python3/dist-packages/colcon_core/task/python/colcon_distutils_commands:/app/src/install/robot_gozu/lib/python3.10/site-packages:${PYTHONPATH} /usr/bin/python3 -W ignore:setup.py install is deprecated -W ignore:easy_install command is deprecated setup.py egg_info --egg-base ../build/robot_gozu build --build-base /app/src/build/robot_gozu/build install --record /app/src/build/robot_gozu/install.log --single-version-externally-managed install_data
[0.562s] running egg_info
[0.563s] writing ../build/robot_gozu/robot_gozu.egg-info/PKG-INFO
[0.564s] writing dependency_links to ../build/robot_gozu/robot_gozu.egg-info/dependency_links.txt
[0.564s] writing entry points to ../build/robot_gozu/robot_gozu.egg-info/entry_points.txt
[0.564s] writing requirements to ../build/robot_gozu/robot_gozu.egg-info/requires.txt
[0.564s] writing top-level names to ../build/robot_gozu/robot_gozu.egg-info/top_level.txt
[0.567s] reading manifest file '../build/robot_gozu/robot_gozu.egg-info/SOURCES.txt'
[0.567s] writing manifest file '../build/robot_gozu/robot_gozu.egg-info/SOURCES.txt'
[0.567s] running build
[0.567s] running build_py
[0.568s] copying robot_gozu/motor_node.py -> /app/src/build/robot_gozu/build/lib/robot_gozu
[0.568s] running install
[0.568s] running install_lib
[0.569s] copying /app/src/build/robot_gozu/build/lib/robot_gozu/motor_node.py -> /app/src/install/robot_gozu/lib/python3.10/site-packages/robot_gozu
[0.570s] byte-compiling /app/src/install/robot_gozu/lib/python3.10/site-packages/robot_gozu/motor_node.py to motor_node.cpython-310.pyc
[0.571s] running install_data
[0.571s] running install_egg_info
[0.574s] removing '/app/src/install/robot_gozu/lib/python3.10/site-packages/robot_gozu-0.0.0-py3.10.egg-info' (and everything under it)
[0.575s] Copying ../build/robot_gozu/robot_gozu.egg-info to /app/src/install/robot_gozu/lib/python3.10/site-packages/robot_gozu-0.0.0-py3.10.egg-info
[0.575s] running install_scripts
[0.589s] Installing beyin_servisi script to /app/src/install/robot_gozu/lib/robot_gozu
[0.589s] Installing kamera_servisi script to /app/src/install/robot_gozu/lib/robot_gozu
[0.589s] Installing motor_servisi script to /app/src/install/robot_gozu/lib/robot_gozu
[0.589s] writing list of installed files to '/app/src/build/robot_gozu/install.log'
[0.613s] Invoked command in '/app/src/robot_gozu' returned '0': PYTHONPATH=/app/src/build/robot_gozu/prefix_override:/usr/lib/python3/dist-packages/colcon_core/task/python/colcon_distutils_commands:/app/src/install/robot_gozu/lib/python3.10/site-packages:${PYTHONPATH} /usr/bin/python3 -W ignore:setup.py install is deprecated -W ignore:easy_install command is deprecated setup.py egg_info --egg-base ../build/robot_gozu build --build-base /app/src/build/robot_gozu/build install --record /app/src/build/robot_gozu/install.log --single-version-externally-managed install_data
