running egg_info
creating ../build/robot_gozu/robot_gozu.egg-info
writing ../build/robot_gozu/robot_gozu.egg-info/PKG-INFO
writing dependency_links to ../build/robot_gozu/robot_gozu.egg-info/dependency_links.txt
writing entry points to ../build/robot_gozu/robot_gozu.egg-info/entry_points.txt
writing requirements to ../build/robot_gozu/robot_gozu.egg-info/requires.txt
writing top-level names to ../build/robot_gozu/robot_gozu.egg-info/top_level.txt
writing manifest file '../build/robot_gozu/robot_gozu.egg-info/SOURCES.txt'
reading manifest file '../build/robot_gozu/robot_gozu.egg-info/SOURCES.txt'
writing manifest file '../build/robot_gozu/robot_gozu.egg-info/SOURCES.txt'
running build
running build_py
creating /app/src/build/robot_gozu/build
creating /app/src/build/robot_gozu/build/lib
creating /app/src/build/robot_gozu/build/lib/robot_gozu
copying robot_gozu/__init__.py -> /app/src/build/robot_gozu/build/lib/robot_gozu
copying robot_gozu/motor_node.py -> /app/src/build/robot_gozu/build/lib/robot_gozu
copying robot_gozu/beyin_node.py -> /app/src/build/robot_gozu/build/lib/robot_gozu
copying robot_gozu/kamera_node.py -> /app/src/build/robot_gozu/build/lib/robot_gozu
running install
running install_lib
creating /app/src/install/robot_gozu/lib/python3.10/site-packages/robot_gozu
copying /app/src/build/robot_gozu/build/lib/robot_gozu/__init__.py -> /app/src/install/robot_gozu/lib/python3.10/site-packages/robot_gozu
copying /app/src/build/robot_gozu/build/lib/robot_gozu/motor_node.py -> /app/src/install/robot_gozu/lib/python3.10/site-packages/robot_gozu
copying /app/src/build/robot_gozu/build/lib/robot_gozu/beyin_node.py -> /app/src/install/robot_gozu/lib/python3.10/site-packages/robot_gozu
copying /app/src/build/robot_gozu/build/lib/robot_gozu/kamera_node.py -> /app/src/install/robot_gozu/lib/python3.10/site-packages/robot_gozu
byte-compiling /app/src/install/robot_gozu/lib/python3.10/site-packages/robot_gozu/__init__.py to __init__.cpython-310.pyc
byte-compiling /app/src/install/robot_gozu/lib/python3.10/site-packages/robot_gozu/motor_node.py to motor_node.cpython-310.pyc
byte-compiling /app/src/install/robot_gozu/lib/python3.10/site-packages/robot_gozu/beyin_node.py to beyin_node.cpython-310.pyc
byte-compiling /app/src/install/robot_gozu/lib/python3.10/site-packages/robot_gozu/kamera_node.py to kamera_node.cpython-310.pyc
running install_data
creating /app/src/install/robot_gozu/share/ament_index
creating /app/src/install/robot_gozu/share/ament_index/resource_index
creating /app/src/install/robot_gozu/share/ament_index/resource_index/packages
copying resource/robot_gozu -> /app/src/install/robot_gozu/share/ament_index/resource_index/packages
copying package.xml -> /app/src/install/robot_gozu/share/robot_gozu
creating /app/src/install/robot_gozu/share/robot_gozu/launch
copying launch/otonom_sistem.launch.py -> /app/src/install/robot_gozu/share/robot_gozu/launch
running install_egg_info
Copying ../build/robot_gozu/robot_gozu.egg-info to /app/src/install/robot_gozu/lib/python3.10/site-packages/robot_gozu-0.0.0-py3.10.egg-info
running install_scripts
Installing beyin_servisi script to /app/src/install/robot_gozu/lib/robot_gozu
Installing kamera_servisi script to /app/src/install/robot_gozu/lib/robot_gozu
Installing motor_servisi script to /app/src/install/robot_gozu/lib/robot_gozu
writing list of installed files to '/app/src/build/robot_gozu/install.log'
