/app/src/install/robot_gozu/lib/python3.10/site-packages/robot_gozu/__init__.py
/app/src/install/robot_gozu/lib/python3.10/site-packages/robot_gozu/motor_node.py
/app/src/install/robot_gozu/lib/python3.10/site-packages/robot_gozu/beyin_node.py
/app/src/install/robot_gozu/lib/python3.10/site-packages/robot_gozu/kamera_node.py
/app/src/install/robot_gozu/lib/python3.10/site-packages/robot_gozu/__pycache__/__init__.cpython-310.pyc
/app/src/install/robot_gozu/lib/python3.10/site-packages/robot_gozu/__pycache__/motor_node.cpython-310.pyc
/app/src/install/robot_gozu/lib/python3.10/site-packages/robot_gozu/__pycache__/beyin_node.cpython-310.pyc
/app/src/install/robot_gozu/lib/python3.10/site-packages/robot_gozu/__pycache__/kamera_node.cpython-310.pyc
/app/src/install/robot_gozu/share/ament_index/resource_index/packages/robot_gozu
/app/src/install/robot_gozu/share/robot_gozu/package.xml
/app/src/install/robot_gozu/share/robot_gozu/launch/otonom_sistem.launch.py
/app/src/install/robot_gozu/lib/python3.10/site-packages/robot_gozu-0.0.0-py3.10.egg-info/PKG-INFO
/app/src/install/robot_gozu/lib/python3.10/site-packages/robot_gozu-0.0.0-py3.10.egg-info/zip-safe
/app/src/install/robot_gozu/lib/python3.10/site-packages/robot_gozu-0.0.0-py3.10.egg-info/dependency_links.txt
/app/src/install/robot_gozu/lib/python3.10/site-packages/robot_gozu-0.0.0-py3.10.egg-info/entry_points.txt
/app/src/install/robot_gozu/lib/python3.10/site-packages/robot_gozu-0.0.0-py3.10.egg-info/requires.txt
/app/src/install/robot_gozu/lib/python3.10/site-packages/robot_gozu-0.0.0-py3.10.egg-info/SOURCES.txt
/app/src/install/robot_gozu/lib/python3.10/site-packages/robot_gozu-0.0.0-py3.10.egg-info/top_level.txt
/app/src/install/robot_gozu/lib/robot_gozu/beyin_servisi
/app/src/install/robot_gozu/lib/robot_gozu/kamera_servisi
/app/src/install/robot_gozu/lib/robot_gozu/motor_servisi
