[0.441s] Invoking command in '/app/src/guvenlik_sistemi': PYTHONPATH=/app/src/build/guvenlik_sistemi/prefix_override:/usr/lib/python3/dist-packages/colcon_core/task/python/colcon_distutils_commands:/app/src/install/guvenlik_sistemi/lib/python3.10/site-packages:${PYTHONPATH} /usr/bin/python3 -W ignore:setup.py install is deprecated -W ignore:easy_install command is deprecated setup.py egg_info --egg-base ../build/guvenlik_sistemi build --build-base /app/src/build/guvenlik_sistemi/build install --record /app/src/build/guvenlik_sistemi/install.log --single-version-externally-managed install_data
[0.556s] running egg_info
[0.556s] writing ../build/guvenlik_sistemi/guvenlik_sistemi.egg-info/PKG-INFO
[0.557s] writing dependency_links to ../build/guvenlik_sistemi/guvenlik_sistemi.egg-info/dependency_links.txt
[0.557s] writing entry points to ../build/guvenlik_sistemi/guvenlik_sistemi.egg-info/entry_points.txt
[0.557s] writing requirements to ../build/guvenlik_sistemi/guvenlik_sistemi.egg-info/requires.txt
[0.557s] writing top-level names to ../build/guvenlik_sistemi/guvenlik_sistemi.egg-info/top_level.txt
[0.558s] reading manifest file '../build/guvenlik_sistemi/guvenlik_sistemi.egg-info/SOURCES.txt'
[0.558s] writing manifest file '../build/guvenlik_sistemi/guvenlik_sistemi.egg-info/SOURCES.txt'
[0.558s] running build
[0.558s] running build_py
[0.559s] copying guvenlik_sistemi/acil_stop_node.py -> /app/src/build/guvenlik_sistemi/build/lib/guvenlik_sistemi
[0.559s] running install
[0.559s] running install_lib
[0.559s] copying /app/src/build/guvenlik_sistemi/build/lib/guvenlik_sistemi/acil_stop_node.py -> /app/src/install/guvenlik_sistemi/lib/python3.10/site-packages/guvenlik_sistemi
[0.560s] byte-compiling /app/src/install/guvenlik_sistemi/lib/python3.10/site-packages/guvenlik_sistemi/acil_stop_node.py to acil_stop_node.cpython-310.pyc
[0.560s] running install_data
[0.560s] running install_egg_info
[0.562s] removing '/app/src/install/guvenlik_sistemi/lib/python3.10/site-packages/guvenlik_sistemi-0.0.0-py3.10.egg-info' (and everything under it)
[0.562s] Copying ../build/guvenlik_sistemi/guvenlik_sistemi.egg-info to /app/src/install/guvenlik_sistemi/lib/python3.10/site-packages/guvenlik_sistemi-0.0.0-py3.10.egg-info
[0.562s] running install_scripts
[0.577s] Installing acil_stop_servisi script to /app/src/install/guvenlik_sistemi/lib/guvenlik_sistemi
[0.577s] writing list of installed files to '/app/src/build/guvenlik_sistemi/install.log'
[0.601s] Invoked command in '/app/src/guvenlik_sistemi' returned '0': PYTHONPATH=/app/src/build/guvenlik_sistemi/prefix_override:/usr/lib/python3/dist-packages/colcon_core/task/python/colcon_distutils_commands:/app/src/install/guvenlik_sistemi/lib/python3.10/site-packages:${PYTHONPATH} /usr/bin/python3 -W ignore:setup.py install is deprecated -W ignore:easy_install command is deprecated setup.py egg_info --egg-base ../build/guvenlik_sistemi build --build-base /app/src/build/guvenlik_sistemi/build install --record /app/src/build/guvenlik_sistemi/install.log --single-version-externally-managed install_data
